0 info it worked if it ends with ok
1 verbose cli [ '/usr/local/bin/node',
1 verbose cli   '/usr/local/bin/npm',
1 verbose cli   'install',
1 verbose cli   '-g',
1 verbose cli   'cordova' ]
2 info using npm@2.14.12
3 info using node@v4.2.6
4 verbose install initial load of /usr/local/lib/package.json
5 verbose readDependencies loading dependencies from /usr/local/lib/package.json
6 silly cache add args [ 'cordova', null ]
7 verbose cache add spec cordova
8 silly cache add parsed spec Result {
8 silly cache add   raw: 'cordova',
8 silly cache add   scope: null,
8 silly cache add   name: 'cordova',
8 silly cache add   rawSpec: '',
8 silly cache add   spec: 'latest',
8 silly cache add   type: 'tag' }
9 silly addNamed cordova@latest
10 verbose addNamed "latest" is being treated as a dist-tag for cordova
11 info addNameTag [ 'cordova', 'latest' ]
12 silly mapToRegistry name cordova
13 silly mapToRegistry using default registry
14 silly mapToRegistry registry https://registry.npmjs.org/
15 silly mapToRegistry uri https://registry.npmjs.org/cordova
16 verbose addNameTag registry:https://registry.npmjs.org/cordova not in flight; fetching
17 verbose request uri https://registry.npmjs.org/cordova
18 verbose request no auth needed
19 info attempt registry request try #1 at 7:03:14 PM
20 verbose request id 7cd1010a5f8ef340
21 verbose etag "2D8NBTWR5F7OYJVH52AOP6BW3"
22 http request GET https://registry.npmjs.org/cordova
23 http 200 https://registry.npmjs.org/cordova
24 verbose headers { server: 'CouchDB/1.5.0 (Erlang OTP/R16B03)',
24 verbose headers   etag: '"E11XFPFZK7AS8NUO0D8LJ22IN"',
24 verbose headers   'content-type': 'application/json',
24 verbose headers   'cache-control': 'max-age=300',
24 verbose headers   'content-length': '376386',
24 verbose headers   'accept-ranges': 'bytes',
24 verbose headers   date: 'Sat, 06 Feb 2016 00:03:16 GMT',
24 verbose headers   via: '1.1 varnish',
24 verbose headers   age: '0',
24 verbose headers   connection: 'keep-alive',
24 verbose headers   'x-served-by': 'cache-atl6226-ATL',
24 verbose headers   'x-cache': 'HIT',
24 verbose headers   'x-cache-hits': '1',
24 verbose headers   'x-timer': 'S1454716996.071844,VS0,VE101',
24 verbose headers   vary: 'Accept' }
25 silly get cb [ 200,
25 silly get   { server: 'CouchDB/1.5.0 (Erlang OTP/R16B03)',
25 silly get     etag: '"E11XFPFZK7AS8NUO0D8LJ22IN"',
25 silly get     'content-type': 'application/json',
25 silly get     'cache-control': 'max-age=300',
25 silly get     'content-length': '376386',
25 silly get     'accept-ranges': 'bytes',
25 silly get     date: 'Sat, 06 Feb 2016 00:03:16 GMT',
25 silly get     via: '1.1 varnish',
25 silly get     age: '0',
25 silly get     connection: 'keep-alive',
25 silly get     'x-served-by': 'cache-atl6226-ATL',
25 silly get     'x-cache': 'HIT',
25 silly get     'x-cache-hits': '1',
25 silly get     'x-timer': 'S1454716996.071844,VS0,VE101',
25 silly get     vary: 'Accept' } ]
26 verbose get saving cordova to /Users/brandonlong/.npm/registry.npmjs.org/cordova/.cache.json
27 silly addNameTag next cb for cordova with tag latest
28 silly addNamed cordova@6.0.0
29 verbose addNamed "6.0.0" is a plain semver version for cordova
30 silly mapToRegistry name cordova
31 silly mapToRegistry using default registry
32 silly mapToRegistry registry https://registry.npmjs.org/
33 silly mapToRegistry uri https://registry.npmjs.org/cordova
34 verbose addRemoteTarball https://registry.npmjs.org/cordova/-/cordova-6.0.0.tgz not in flight; adding
35 verbose addRemoteTarball [ 'https://registry.npmjs.org/cordova/-/cordova-6.0.0.tgz',
35 verbose addRemoteTarball   '2c1e75a9c0dd6cee8381d5608870087ab44f3e68' ]
36 info retry fetch attempt 1 at 7:03:16 PM
37 info attempt registry request try #1 at 7:03:16 PM
38 http fetch GET https://registry.npmjs.org/cordova/-/cordova-6.0.0.tgz
39 http fetch 200 https://registry.npmjs.org/cordova/-/cordova-6.0.0.tgz
40 silly fetchAndShaCheck shasum 2c1e75a9c0dd6cee8381d5608870087ab44f3e68
41 verbose addTmpTarball /var/folders/7s/n5hvz77x0fl5_c96bqcwk_3h0000gn/T/npm-44132-7a75c2fe/registry.npmjs.org/cordova/-/cordova-6.0.0.tgz not in flight; adding
42 verbose addTmpTarball already have metadata; skipping unpack for cordova@6.0.0
43 silly cache afterAdd cordova@6.0.0
44 verbose afterAdd /Users/brandonlong/.npm/cordova/6.0.0/package/package.json not in flight; writing
45 verbose afterAdd /Users/brandonlong/.npm/cordova/6.0.0/package/package.json written
46 silly install resolved [ { name: 'cordova',
46 silly install resolved     version: '6.0.0',
46 silly install resolved     preferGlobal: 'true',
46 silly install resolved     description: 'Cordova command line interface tool',
46 silly install resolved     main: 'cordova',
46 silly install resolved     engines: { node: '>=0.9.9' },
46 silly install resolved     engineStrict: true,
46 silly install resolved     bin: { cordova: './bin/cordova' },
46 silly install resolved     scripts:
46 silly install resolved      { test: 'node node_modules/jasmine-node/bin/jasmine-node --captureExceptions --color spec',
46 silly install resolved        cover: 'node node_modules/istanbul/lib/cli.js cover --root src --print detail node_modules/jasmine-node/bin/jasmine-node -- spec' },
46 silly install resolved     repository:
46 silly install resolved      { type: 'git',
46 silly install resolved        url: 'https://git-wip-us.apache.org/repos/asf/cordova-cli.git' },
46 silly install resolved     bugs:
46 silly install resolved      { url: 'https://issues.apache.org/jira/browse/CB',
46 silly install resolved        email: 'dev@cordova.apache.org' },
46 silly install resolved     keywords: [ 'cordova', 'client', 'cli' ],
46 silly install resolved     dependencies:
46 silly install resolved      { ansi: '^0.3.0',
46 silly install resolved        'cordova-lib': '6.0.0',
46 silly install resolved        q: '1.0.1',
46 silly install resolved        nopt: '3.0.1',
46 silly install resolved        underscore: '1.7.0',
46 silly install resolved        'update-notifier': '^0.5.0' },
46 silly install resolved     devDependencies:
46 silly install resolved      { istanbul: '^0.3.4',
46 silly install resolved        grunt: '0.4.5',
46 silly install resolved        'grunt-retire': '0.3.7',
46 silly install resolved        'jasmine-node': '1.14.5' },
46 silly install resolved     author: { name: 'Anis Kadri' },
46 silly install resolved     contributors:
46 silly install resolved      [ [Object],
46 silly install resolved        [Object],
46 silly install resolved        [Object],
46 silly install resolved        [Object],
46 silly install resolved        [Object],
46 silly install resolved        [Object],
46 silly install resolved        [Object],
46 silly install resolved        [Object],
46 silly install resolved        [Object],
46 silly install resolved        [Object],
46 silly install resolved        [Object],
46 silly install resolved        [Object],
46 silly install resolved        [Object],
46 silly install resolved        [Object],
46 silly install resolved        [Object],
46 silly install resolved        [Object],
46 silly install resolved        [Object],
46 silly install resolved        [Object],
46 silly install resolved        [Object],
46 silly install resolved        [Object],
46 silly install resolved        [Object],
46 silly install resolved        [Object],
46 silly install resolved        [Object],
46 silly install resolved        [Object] ],
46 silly install resolved     license: 'Apache version 2.0',
46 silly install resolved     _id: 'cordova@6.0.0',
46 silly install resolved     _shasum: '2c1e75a9c0dd6cee8381d5608870087ab44f3e68',
46 silly install resolved     _resolved: 'https://registry.npmjs.org/cordova/-/cordova-6.0.0.tgz',
46 silly install resolved     _from: 'cordova@latest',
46 silly install resolved     _npmVersion: '3.5.3',
46 silly install resolved     _nodeVersion: '5.4.1',
46 silly install resolved     _npmUser: { name: 'stevegill', email: 'stevengill97@gmail.com' },
46 silly install resolved     dist:
46 silly install resolved      { shasum: '2c1e75a9c0dd6cee8381d5608870087ab44f3e68',
46 silly install resolved        tarball: 'http://registry.npmjs.org/cordova/-/cordova-6.0.0.tgz' },
46 silly install resolved     maintainers:
46 silly install resolved      [ [Object],
46 silly install resolved        [Object],
46 silly install resolved        [Object],
46 silly install resolved        [Object],
46 silly install resolved        [Object],
46 silly install resolved        [Object],
46 silly install resolved        [Object],
46 silly install resolved        [Object],
46 silly install resolved        [Object],
46 silly install resolved        [Object],
46 silly install resolved        [Object],
46 silly install resolved        [Object],
46 silly install resolved        [Object],
46 silly install resolved        [Object],
46 silly install resolved        [Object],
46 silly install resolved        [Object],
46 silly install resolved        [Object],
46 silly install resolved        [Object] ],
46 silly install resolved     directories: {} } ]
47 info install cordova@6.0.0 into /usr/local/lib
48 info installOne cordova@6.0.0
49 verbose installOne of cordova to /usr/local/lib not in flight; installing
50 verbose lock using /Users/brandonlong/.npm/_locks/cordova-fa12e2e096426a32.lock for /usr/local/lib/node_modules/cordova
51 silly install write writing cordova 6.0.0 to /usr/local/lib/node_modules/cordova
52 verbose unbuild lib/node_modules/cordova
53 info preuninstall cordova@5.0.0
54 info uninstall cordova@5.0.0
55 verbose unbuild rmStuff cordova@5.0.0 from /usr/local/lib/node_modules
56 silly gentlyRm /usr/local/bin/cordova is being gently removed
57 silly gentlyRm verifying /usr/local is an npm working directory
58 silly gentlyRm containing path /usr/local is under npm's control, in /usr/local
59 silly gentlyRm deletion target /usr/local/bin/cordova is under /usr/local
60 verbose gentlyRm vacuuming from /usr/local/bin/cordova up to /usr/local
61 info postuninstall cordova@5.0.0
62 silly gentlyRm /usr/local/lib/node_modules/cordova is being purged from base /usr/local
63 verbose gentlyRm don't care about contents; nuking /usr/local/lib/node_modules/cordova
64 silly vacuum-fs purging /usr/local/lib/node_modules/cordova
65 verbose unlock done using /Users/brandonlong/.npm/_locks/cordova-fa12e2e096426a32.lock for /usr/local/lib/node_modules/cordova
66 verbose stack Error: EACCES: permission denied, rmdir '/usr/local/lib/node_modules/cordova'
66 verbose stack     at Error (native)
67 verbose cwd /Users/brandonlong/Google Drive/GreenhillHackathon
68 error Darwin 15.2.0
69 error argv "/usr/local/bin/node" "/usr/local/bin/npm" "install" "-g" "cordova"
70 error node v4.2.6
71 error npm  v2.14.12
72 error path /usr/local/lib/node_modules/cordova
73 error code EACCES
74 error errno -13
75 error syscall rmdir
76 error Error: EACCES: permission denied, rmdir '/usr/local/lib/node_modules/cordova'
76 error     at Error (native)
76 error  { [Error: EACCES: permission denied, rmdir '/usr/local/lib/node_modules/cordova']
76 error   errno: -13,
76 error   code: 'EACCES',
76 error   syscall: 'rmdir',
76 error   path: '/usr/local/lib/node_modules/cordova' }
77 error Please try running this command again as root/Administrator.
78 verbose exit [ -13, true ]
79 verbose unbuild lib/node_modules/cordova
80 info preuninstall cordova@5.0.0
81 info uninstall cordova@5.0.0
82 verbose unbuild rmStuff cordova@5.0.0 from /usr/local/lib/node_modules
83 silly gentlyRm /usr/local/bin/cordova is being gently removed
84 silly gentlyRm verifying /usr/local is an npm working directory
85 silly gentlyRm containing path /usr/local is under npm's control, in /usr/local
86 silly gentlyRm deletion target /usr/local/bin/cordova is under /usr/local
87 verbose gentlyRm vacuuming from /usr/local/bin/cordova up to /usr/local
88 info postuninstall cordova@5.0.0
89 silly gentlyRm /usr/local/lib/node_modules/cordova is being purged from base /usr/local
90 verbose gentlyRm don't care about contents; nuking /usr/local/lib/node_modules/cordova
91 silly vacuum-fs purging /usr/local/lib/node_modules/cordova
92 error error rolling back Error: EACCES: permission denied, rmdir '/usr/local/lib/node_modules/cordova'
92 error error rolling back     at Error (native)
92 error error rolling back  { [Error: EACCES: permission denied, rmdir '/usr/local/lib/node_modules/cordova']
92 error error rolling back   errno: -13,
92 error error rolling back   code: 'EACCES',
92 error error rolling back   syscall: 'rmdir',
92 error error rolling back   path: '/usr/local/lib/node_modules/cordova' }
